Start testing: Aug 24 17:54 +03
----------------------------------------------------------
1/1 Testing: RunTests
1/1 Test: RunTests
Command: "/home/dervis/workspace/PipelineProject/build/run_tests"
Directory: /home/dervis/workspace/PipelineProject/build
"RunTests" start time: Aug 24 17:54 +03
Output:
----------------------------------------------------------
<end of output>
Test time =   0.00 sec
----------------------------------------------------------
Test Passed.
"RunTests" end time: Aug 24 17:54 +03
"RunTests" time elapsed: 00:00:00
----------------------------------------------------------

End testing: Aug 24 17:54 +03
